<?xml version="1.0" encoding="utf-8"?>
<feed xmlns="http://www.w3.org/2005/Atom"><title>Test title - Test Andersson</title><link href="https://anders6899.github.io/ekonomisidan5/" rel="alternate"></link><link href="https://anders6899.github.io/ekonomisidan5/feeds/test-andersson.atom.xml" rel="self"></link><id>https://anders6899.github.io/ekonomisidan5/</id><updated>2010-12-05T19:30:00+01:00</updated><entry><title>article-99</title><link href="https://anders6899.github.io/ekonomisidan5/article-99.html" rel="alternate"></link><published>2010-12-03T10:20:00+01:00</published><updated>2010-12-05T19:30:00+01:00</updated><author><name>Test Andersson</name></author><id>tag:anders6899.github.io,2010-12-03:/ekonomisidan5/article-99.html</id><summary type="html">&lt;p&gt;Short version for index and feeds&lt;/p&gt;</summary><content type="html">&lt;p&gt;This is the content of my super blog post.&lt;/p&gt;</content><category term="Ekonomi"></category><category term="pelican"></category><category term="ekonomi"></category></entry><entry><title>Test</title><link href="https://anders6899.github.io/ekonomisidan5/test.html" rel="alternate"></link><published>2010-12-03T10:20:00+01:00</published><updated>2010-12-05T19:30:00+01:00</updated><author><name>Test Andersson</name></author><id>tag:anders6899.github.io,2010-12-03:/ekonomisidan5/test.html</id><summary type="html">&lt;p&gt;Short version for index and feeds&lt;/p&gt;</summary><content type="html">&lt;p&gt;This is the content of my super blog post.&lt;/p&gt;</content><category term="Ekonomi"></category><category term="pelican"></category><category term="ekonomi"></category></entry><entry><title>test-4</title><link href="https://anders6899.github.io/ekonomisidan5/test-4.html" rel="alternate"></link><published>2010-12-03T10:20:00+01:00</published><updated>2010-12-05T19:30:00+01:00</updated><author><name>Test Andersson</name></author><id>tag:anders6899.github.io,2010-12-03:/ekonomisidan5/test-4.html</id><summary type="html">&lt;p&gt;Short version for index and feeds&lt;/p&gt;</summary><content type="html">&lt;p&gt;This is the content of my super blog post.&lt;/p&gt;</content><category term="Ekonomi"></category><category term="pelican"></category><category term="ekonomi"></category></entry><entry><title>Test title</title><link href="https://anders6899.github.io/ekonomisidan5/test-title.html" rel="alternate"></link><published>2010-12-03T10:20:00+01:00</published><updated>2010-12-05T19:30:00+01:00</updated><author><name>Test Andersson</name></author><id>tag:anders6899.github.io,2010-12-03:/ekonomisidan5/test-title.html</id><summary type="html">&lt;p&gt;Short version for index and feeds&lt;/p&gt;</summary><content type="html">&lt;p&gt;This is the content of my super blog post.&lt;/p&gt;
&lt;p&gt;&lt;a href="http://vilhelmmartinsson.com/"&gt;Link text&lt;/a&gt;&lt;/p&gt;</content><category term="Ekonomi"></category><category term="pelican"></category><category term="ekonomi"></category></entry></feed>