<?xml version="1.0" encoding="utf-8"?>
<rss version="2.0"><channel><title>Test title - Test Andersson</title><link>https://anders6899.github.io/ekonomisidan5/</link><description></description><lastBuildDate>Sun, 05 Dec 2010 19:30:00 +0100</lastBuildDate><item><title>fgdf</title><link>https://anders6899.github.io/ekonomisidan5/fgdf.html</link><description>&lt;p&gt;Short version for index and feeds&lt;/p&gt;</description><dc:creator xmlns:dc="http://purl.org/dc/elements/1.1/">Test Andersson</dc:creator><pubDate>Fri, 03 Dec 2010 10:20:00 +0100</pubDate><guid isPermaLink="false">tag:anders6899.github.io,2010-12-03:/ekonomisidan5/fgdf.html</guid><category>Ekonomi</category><category>pelican</category><category>ekonomi</category></item><item><title>Test</title><link>https://anders6899.github.io/ekonomisidan5/test.html</link><description>&lt;p&gt;Short version for index and feeds&lt;/p&gt;</description><dc:creator xmlns:dc="http://purl.org/dc/elements/1.1/">Test Andersson</dc:creator><pubDate>Fri, 03 Dec 2010 10:20:00 +0100</pubDate><guid isPermaLink="false">tag:anders6899.github.io,2010-12-03:/ekonomisidan5/test.html</guid><category>Ekonomi</category><category>pelican</category><category>ekonomi</category></item><item><title>Test 10</title><link>https://anders6899.github.io/ekonomisidan5/test-10.html</link><description>&lt;p&gt;Short version for index and feeds&lt;/p&gt;</description><dc:creator xmlns:dc="http://purl.org/dc/elements/1.1/">Test Andersson</dc:creator><pubDate>Fri, 03 Dec 2010 10:20:00 +0100</pubDate><guid isPermaLink="false">tag:anders6899.github.io,2010-12-03:/ekonomisidan5/test-10.html</guid><category>Ekonomi</category><category>pelican</category><category>ekonomi</category></item><item><title>Test 111</title><link>https://anders6899.github.io/ekonomisidan5/test-111.html</link><description>&lt;p&gt;Short version for index and feeds&lt;/p&gt;</description><dc:creator xmlns:dc="http://purl.org/dc/elements/1.1/">Test Andersson</dc:creator><pubDate>Fri, 03 Dec 2010 10:20:00 +0100</pubDate><guid isPermaLink="false">tag:anders6899.github.io,2010-12-03:/ekonomisidan5/test-111.html</guid><category>Ekonomi</category><category>pelican</category><category>ekonomi</category></item><item><title>Test 123</title><link>https://anders6899.github.io/ekonomisidan5/test-123.html</link><description>&lt;p&gt;Short version for index and feeds&lt;/p&gt;</description><dc:creator xmlns:dc="http://purl.org/dc/elements/1.1/">Test Andersson</dc:creator><pubDate>Fri, 03 Dec 2010 10:20:00 +0100</pubDate><guid isPermaLink="false">tag:anders6899.github.io,2010-12-03:/ekonomisidan5/test-123.html</guid><category>Ekonomi</category><category>pelican</category><category>ekonomi</category></item><item><title>Test 66</title><link>https://anders6899.github.io/ekonomisidan5/test-66.html</link><description>&lt;p&gt;Short version for index and feeds&lt;/p&gt;</description><dc:creator xmlns:dc="http://purl.org/dc/elements/1.1/">Test Andersson</dc:creator><pubDate>Fri, 03 Dec 2010 10:20:00 +0100</pubDate><guid isPermaLink="false">tag:anders6899.github.io,2010-12-03:/ekonomisidan5/test-66.html</guid><category>Ekonomi</category><category>pelican</category><category>ekonomi</category></item><item><title>Test - batg</title><link>https://anders6899.github.io/ekonomisidan5/test-batg.html</link><description>&lt;p&gt;Short version for index and feeds&lt;/p&gt;</description><dc:creator xmlns:dc="http://purl.org/dc/elements/1.1/">Test Andersson</dc:creator><pubDate>Fri, 03 Dec 2010 10:20:00 +0100</pubDate><guid isPermaLink="false">tag:anders6899.github.io,2010-12-03:/ekonomisidan5/test-batg.html</guid><category>Ekonomi</category><category>pelican</category><category>ekonomi</category></item><item><title>Test title 48</title><link>https://anders6899.github.io/ekonomisidan5/test-title-48.html</link><description>&lt;p&gt;Short version for index and feeds&lt;/p&gt;</description><dc:creator xmlns:dc="http://purl.org/dc/elements/1.1/">Test Andersson</dc:creator><pubDate>Fri, 03 Dec 2010 10:20:00 +0100</pubDate><guid isPermaLink="false">tag:anders6899.github.io,2010-12-03:/ekonomisidan5/test-title-48.html</guid><category>Ekonomi</category><category>pelican</category><category>ekonomi</category></item><item><title>Test444</title><link>https://anders6899.github.io/ekonomisidan5/test444.html</link><description>&lt;p&gt;Short version for index and feeds&lt;/p&gt;</description><dc:creator xmlns:dc="http://purl.org/dc/elements/1.1/">Test Andersson</dc:creator><pubDate>Fri, 03 Dec 2010 10:20:00 +0100</pubDate><guid isPermaLink="false">tag:anders6899.github.io,2010-12-03:/ekonomisidan5/test444.html</guid><category>Ekonomi</category><category>pelican</category><category>ekonomi</category></item></channel></rss>