<?xml version="1.0" encoding="utf-8"?>
<rss version="2.0"><channel><title>Test title - Test Andersson</title><link>https://anders6899.github.io/ekonomisidan5/</link><description></description><lastBuildDate>Sun, 05 Dec 2010 19:30:00 +0100</lastBuildDate><item><title>Blsid jdnd</title><link>https://anders6899.github.io/ekonomisidan5/blsid-jdnd.html</link><description>&lt;p&gt;Short version for index and feeds&lt;/p&gt;</description><dc:creator xmlns:dc="http://purl.org/dc/elements/1.1/">Test Andersson</dc:creator><pubDate>Fri, 03 Dec 2010 10:20:00 +0100</pubDate><guid isPermaLink="false">tag:anders6899.github.io,2010-12-03:/ekonomisidan5/blsid-jdnd.html</guid><category>Ekonomi</category><category>pelican</category><category>ekonomi</category></item><item><title>hehe</title><link>https://anders6899.github.io/ekonomisidan5/hehe.html</link><description>&lt;p&gt;Short version for index and feeds&lt;/p&gt;</description><dc:creator xmlns:dc="http://purl.org/dc/elements/1.1/">Test Andersson</dc:creator><pubDate>Fri, 03 Dec 2010 10:20:00 +0100</pubDate><guid isPermaLink="false">tag:anders6899.github.io,2010-12-03:/ekonomisidan5/hehe.html</guid><category>Ekonomi</category><category>pelican</category><category>ekonomi</category></item></channel></rss>